<?xml version="1.0" encoding="UTF-8"?>
<!-- Generated by org.testng.reporters.JUnitReportReporter -->
<testsuite hostname="DESKTOP-VGN6VUA" failures="0" tests="1" name="Module1.test1" time="132.935" errors="0" timestamp="2023-11-20T10:57:00 IST" skipped="0">
  <testcase classname="Module1.test1" name="AppiumTest1" time="132.935"/>
  <system-out/>
</testsuite> <!-- Module1.test1 -->
