<?xml version="1.0" encoding="UTF-8"?>
<!-- Generated by org.testng.reporters.JUnitReportReporter -->
<testsuite hostname="DESKTOP-VGN6VUA" failures="0" tests="1" name="Module1.Leave" time="89.272" errors="0" timestamp="2023-10-18T17:59:43 IST" skipped="0">
  <testcase classname="Module1.Leave" name="AppiumTest1" time="89.272"/>
  <system-out/>
</testsuite> <!-- Module1.Leave -->
